Aligning contigs to reference...
	Aligning contigs to the reference
Filtering alignments...
Parsing coords...
Loading reference...
	Loaded [reference_r]
	Total Regions: 1
	Total Region Length: 1040
Analyzing contigs...
CONTIG: DBG_assembled_contig_2 (914bp)
Best alignment score: 914.0 (LEN: 914, IDY: 100.00), Total number of alignments: 1
		One align captures most of this contig: 127 1040 | 1 914 | 914 914 | 100.0 | reference_r DBG_assembled_contig_2

Analyzing coverage...
Writing SNPs into /ibex/user/mohaah0a/cs249/BioAlgos-Assignment2/toy_dataset/quast_output_r_k_35/contigs_reports/minimap_output/reads_r_dbg_k_35.used_snps

Analysis is finished!
Founded SNPs were written into /ibex/user/mohaah0a/cs249/BioAlgos-Assignment2/toy_dataset/quast_output_r_k_35/contigs_reports/minimap_output/reads_r_dbg_k_35.used_snps

Results:
	Local Misassemblies: 0
	Misassemblies: 0
		Relocations: 0
		Translocations: 0
		Inversions: 0
	Scaffold gap extensive misassemblies: 0
	Scaffold gap local misassemblies: 0
	Misassembled Contigs: 0
	Misassembled Contig Bases: 0
	Misassemblies Inter-Contig Overlap ("Extra" Aligned Bases): 0
Unaligned Contigs: 0 + 0 part
Half Unaligned Contigs with Misassemblies: 0
Unaligned Bases in Fully and Partially Unaligned Contigs: 0

Ambiguously Mapped Contigs: 0
Total Bases in Ambiguously Mapped Contigs: 0
"Extra" Aligned Bases in Ambiguously Mapped Contigs: 0
Note that --allow-ambiguity option was set to "one" and only first alignment per each of these contigs was used (there is no "extra" aligned bases).

	Covered Bases in Reference: 914
	Raw Aligned Bases in Assembly: 914
	Total Aligned Bases in Assembly (with "Extras"): 914

	SNPs: 0
	Insertions: 0
	Deletions: 0

